g++ -Wall -O3 test_main.cpp test_suffixtree_alloccurs.cpp test_suffixtree_processpositions.cpp test_suffixtree_simple.cpp test_suffixtree_random.cpp test_suffixtree_time.cpp test_suffixnode.cpp ../SuffixNode.cpp ../tialloc/tialloc.cpp ../SuffixNodeStoreMemVec.cpp -o test -I.. -I../tialloc -I.
In file included from ../SuffixTree.h:27:0,
                 from test_suffixtree_alloccurs.cpp:5:
../SuffixNode.h: In member function ‘int32_t SuffixNode::get_depth_raw() const’:
../SuffixNode.h:310:27: warning: comparison between signed and unsigned integer expressions [-Wsign-compare]
../SuffixNode.h: In member function ‘uint32_t SuffixNode::get_parent() const’:
../SuffixNode.h:340:37: warning: statement has no effect [-Wunused-value]
../SuffixNode.h: In member function ‘int32_t SuffixNode::get_suffix_link() const’:
../SuffixNode.h:354:43: warning: statement has no effect [-Wunused-value]
../SuffixNode.h: In member function ‘int32_t SuffixNode::get_label_start() const’:
../SuffixNode.h:367:42: warning: statement has no effect [-Wunused-value]
../SuffixNode.h: In member function ‘int32_t SuffixNode::get_next_right_leaf() const’:
../SuffixNode.h:407:47: warning: statement has no effect [-Wunused-value]
In file included from test_suffixtree_alloccurs.cpp:5:0:
../SuffixTree.h: In member function ‘void SuffixTree::label_all_left_most_down(std::vector<unsigned int>&, int32_t)’:
../SuffixTree.h:59:7: error: ‘suffixnode_t’ was not declared in this scope
../SuffixTree.h:59:20: error: expected ‘;’ before ‘node’
../SuffixTree.h:60:7: error: ‘node’ was not declared in this scope
../SuffixTree.h: In member function ‘bool SuffixTree::first_is_leaf(SuffixNode&)’:
../SuffixTree.h:69:5: error: ‘suffixnode_t’ was not declared in this scope
../SuffixTree.h:69:18: error: expected ‘;’ before ‘na’
../SuffixTree.h:70:12: error: ‘na’ was not declared in this scope
../SuffixTree.h: In member function ‘bool SuffixTree::last_is_leaf(SuffixNode&)’:
../SuffixTree.h:77:5: error: ‘suffixnode_t’ was not declared in this scope
../SuffixTree.h:77:18: error: expected ‘;’ before ‘na’
../SuffixTree.h:78:12: error: ‘na’ was not declared in this scope
../SuffixTree.h: In member function ‘void SuffixTree::process_positions()’:
../SuffixTree.h:90:7: error: ‘suffixnode_t’ was not declared in this scope
../SuffixTree.h:90:20: error: expected ‘;’ before ‘c_node’
../SuffixTree.h:95:10: error: ‘c_node’ was not declared in this scope
../SuffixTree.h:97:24: error: ‘c_node’ was not declared in this scope
../SuffixTree.h:104:7: error: ‘c_node’ was not declared in this scope
../SuffixTree.h:113:22: error: expected ‘;’ before ‘lr_node’
../SuffixTree.h:114:9: error: ‘lr_node’ was not declared in this scope
../SuffixTree.h: In member function ‘int SuffixTree::find_tree_position(std::vector<short unsigned int>)’:
../SuffixTree.h:169:7: error: ‘suffixnode_t’ was not declared in this scope
../SuffixTree.h:169:20: error: expected ‘;’ before ‘current_node_tmp’
../SuffixTree.h:171:24: error: ‘current_node_tmp’ was not declared in this scope
In file included from test_suffixtree_alloccurs.cpp:5:0:
../SuffixTree.h: In member function ‘std::vector<long unsigned int> SuffixTree::all_occurs(std::vector<short unsigned int>, size_t)’:
../SuffixTree.h:216:5: error: ‘suffixnode_t’ was not declared in this scope
../SuffixTree.h:216:18: error: expected ‘;’ before ‘p_tmp’
../SuffixTree.h:217:14: error: ‘p_tmp’ was not declared in this scope
../SuffixTree.h:233:20: error: expected ‘;’ before ‘c_tmp’
../SuffixTree.h:237:10: error: ‘c_tmp’ was not declared in this scope
../SuffixTree.h:239:11: error: ‘c_tmp’ was not declared in this scope
../SuffixTree.h: In member function ‘int SuffixTree::exists_node(std::vector<short unsigned int>)’:
../SuffixTree.h:270:7: error: ‘suffixnode_t’ was not declared in this scope
../SuffixTree.h:270:20: error: expected ‘;’ before ‘current_node_tmp’
../SuffixTree.h:271:24: error: ‘current_node_tmp’ was not declared in this scope
../SuffixTree.h: In member function ‘int SuffixTree::extend2(int, int, int, bool&, int&, int&)’:
../SuffixTree.h:291:5: error: ‘suffixnode_t’ was not declared in this scope
../SuffixTree.h:291:18: error: expected ‘;’ before ‘insertion_point_tmp0’
../SuffixTree.h:292:23: error: ‘insertion_point_tmp0’ was not declared in this scope
../SuffixTree.h:298:20: error: expected ‘;’ before ‘insertion_point_tmp’
../SuffixTree.h:300:10: error: ‘insertion_point_tmp’ was not declared in this scope
../SuffixTree.h:316:24: error: expected ‘;’ before ‘insertion_point_tmp1’
../SuffixTree.h:317:11: error: ‘insertion_point_tmp1’ was not declared in this scope
../SuffixTree.h:327:20: error: expected ‘;’ before ‘insertion_point_tmp’
../SuffixTree.h:329:13: error: ‘insertion_point_tmp’ was not declared in this scope
../SuffixTree.h:337:17: error: expected ‘;’ before ‘parent_tmp’
../SuffixTree.h:338:17: error: ‘parent_tmp’ was not declared in this scope
../SuffixTree.h:347:19: error: expected ‘;’ before ‘parent_tmp1’
../SuffixTree.h:348:6: error: ‘parent_tmp1’ was not declared in this scope
../SuffixTree.h:370:22: error: expected ‘;’ before ‘insertion_point_tmp’
../SuffixTree.h:371:44: error: ‘insertion_point_tmp’ was not declared in this scope
../SuffixTree.h:372:22: error: expected ‘;’ before ‘old_parent_tmp’
../SuffixTree.h:376:22: error: expected ‘;’ before ‘b’
../SuffixTree.h:377:22: error: expected ‘;’ before ‘c’
../SuffixTree.h:378:9: error: ‘b’ was not declared in this scope
../SuffixTree.h:380:9: error: ‘c’ was not declared in this scope
../SuffixTree.h:386:39: error: ‘old_parent_tmp’ was not declared in this scope
../SuffixTree.h:437:20: error: expected ‘;’ before ‘insertion_point_tmp’
../SuffixTree.h:438:10: error: ‘insertion_point_tmp’ was not declared in this scope
../SuffixTree.h:466:15: error: expected ‘;’ before ‘insertion_point_tmp1’
../SuffixTree.h:467:2: error: ‘insertion_point_tmp1’ was not declared in this scope
../SuffixTree.h:478:18: error: expected ‘;’ before ‘insertion_point_tmp’
../SuffixTree.h:479:20: error: ‘insertion_point_tmp’ was not declared in this scope
../SuffixTree.h: In member function ‘void SuffixTree::insert(uint16_t, bool)’:
../SuffixTree.h:516:7: error: ‘suffixnode_t’ was not declared in this scope
../SuffixTree.h:516:20: error: expected ‘;’ before ‘last_node_tmp1’
../SuffixTree.h:523:22: error: ‘last_node_tmp1’ was not declared in this scope
../SuffixTree.h:526:20: error: expected ‘;’ before ‘predict_node_t1’
../SuffixTree.h:528:10: error: ‘predict_node_t1’ was not declared in this scope
../SuffixTree.h:533:25: error: ‘predict_node_t1’ was not declared in this scope
../SuffixTree.h:536:22: error: expected ‘;’ before ‘predict_node_c’
../SuffixTree.h:538:28: error: ‘predict_node_c’ was not declared in this scope
../SuffixTree.h:547:20: error: expected ‘;’ before ‘predict_node_t2’
../SuffixTree.h:549:10: error: ‘predict_node_t2’ was not declared in this scope
../SuffixTree.h:554:20: error: expected ‘;’ before ‘newnode_tmp’
../SuffixTree.h:558:21: error: ‘newnode_tmp’ was not declared in this scope
../SuffixTree.h:580:20: error: expected ‘;’ before ‘last_node_tmp2’
../SuffixTree.h:582:12: error: ‘last_node_tmp2’ was not declared in this scope
../SuffixTree.h:589:12: error: ‘last_node_tmp2’ was not declared in this scope
../SuffixTree.h:593:22: error: expected ‘;’ before ‘last_node_tmp_parent’
../SuffixTree.h:594:12: error: ‘last_node_tmp_parent’ was not declared in this scope
../SuffixTree.h:597:21: error: ‘last_node_tmp2’ was not declared in this scope
../SuffixTree.h: In member function ‘void SuffixTree::dump(int)’:
../SuffixTree.h:621:5: error: ‘suffixnode_t’ was not declared in this scope
../SuffixTree.h:621:18: error: expected ‘;’ before ‘n_tmp’
../SuffixTree.h:624:10: error: ‘n_tmp’ was not declared in this scope
../SuffixTree.h: In member function ‘void SuffixTree::dump_child(int)’:
../SuffixTree.h:633:5: error: ‘suffixnode_t’ was not declared in this scope
../SuffixTree.h:633:18: error: expected ‘;’ before ‘n_tmp’
../SuffixTree.h:635:26: error: ‘n_tmp’ was not declared in this scope
../SuffixTree.h: In member function ‘std::string SuffixTree::get_path_label(int)’:
../SuffixTree.h:665:7: error: ‘suffixnode_t’ was not declared in this scope
../SuffixTree.h:665:20: error: expected ‘;’ before ‘parent_tmp’
../SuffixTree.h:666:16: error: ‘parent_tmp’ was not declared in this scope
../SuffixTree.h:672:7: error: ‘suffixnode_t’ was not declared in this scope
../SuffixTree.h:672:20: error: expected ‘;’ before ‘parentsn_tmp’
../SuffixTree.h:673:19: error: ‘parentsn_tmp’ was not declared in this scope
../SuffixTree.h: In member function ‘std::string SuffixTree::get_label(int)’:
../SuffixTree.h:685:5: error: ‘suffixnode_t’ was not declared in this scope
../SuffixTree.h:685:18: error: expected ‘;’ before ‘n_tmp’
../SuffixTree.h:686:17: error: ‘n_tmp’ was not declared in this scope
../SuffixTree.h: In member function ‘bool SuffixTree::validate_suffix_link(int64_t, bool)’:
../SuffixTree.h:700:5: error: ‘suffixnode_t’ was not declared in this scope
../SuffixTree.h:700:18: error: expected ‘;’ before ‘n_tmp’
../SuffixTree.h:702:47: error: ‘n_tmp’ was not declared in this scope
../SuffixTree.h: In member function ‘bool SuffixTree::validate_parent(int64_t, bool)’:
../SuffixTree.h:727:5: error: ‘suffixnode_t’ was not declared in this scope
../SuffixTree.h:727:18: error: expected ‘;’ before ‘n_tmp’
../SuffixTree.h:728:23: error: ‘n_tmp’ was not declared in this scope
../SuffixTree.h:730:18: error: expected ‘;’ before ‘parent_tmp’
../SuffixTree.h:732:41: error: ‘parent_tmp’ was not declared in this scope
../SuffixTree.h: In member function ‘bool SuffixTree::validate_depth(int, bool)’:
../SuffixTree.h:745:5: error: ‘suffixnode_t’ was not declared in this scope
../SuffixTree.h:745:18: error: expected ‘;’ before ‘n_tmp’
../SuffixTree.h:746:19: error: ‘n_tmp’ was not declared in this scope
../SuffixTree.h:754:20: error: expected ‘;’ before ‘c_tmp’
../SuffixTree.h:755:10: error: ‘c_tmp’ was not declared in this scope
../SuffixTree.h: In member function ‘bool SuffixTree::validate_positions()’:
../SuffixTree.h:787:7: error: ‘suffixnode_t’ was not declared in this scope
../SuffixTree.h:787:20: error: expected ‘;’ before ‘n_tmp’
../SuffixTree.h:789:11: error: ‘n_tmp’ was not declared in this scope
../SuffixTree.h:793:24: error: expected ‘;’ before ‘c_tmp’
../SuffixTree.h:794:14: error: ‘c_tmp’ was not declared in this scope
../SuffixTree.h:795:23: error: ‘c_tmp’ was not declared in this scope
../SuffixTree.h:800:24: error: expected ‘;’ before ‘c_tmp’
../SuffixTree.h:801:14: error: ‘c_tmp’ was not declared in this scope
../SuffixTree.h:802:24: error: ‘c_tmp’ was not declared in this scope
../tialloc/tialloc.h: In member function ‘void* tialloc::alloc(intarch_t)’:
../tialloc/tialloc.h:201:45: warning: ignoring return value of ‘int posix_memalign(void**, size_t, size_t)’, declared with attribute warn_unused_result [-Wunused-result]
../tialloc/tialloc.h: In member function ‘void tialloc::initialise(int)’:
../tialloc/tialloc.h:267:40: warning: ignoring return value of ‘int posix_memalign(void**, size_t, size_t)’, declared with attribute warn_unused_result [-Wunused-result]
../SuffixTree.h: In member function ‘int SuffixTree::extend2(int, int, int, bool&, int&, int&)’:
../SuffixTree.h:480:3: warning: control reaches end of non-void function [-Wreturn-type]
In file included from ../SuffixTree.h:27:0,
                 from test_suffixtree_processpositions.cpp:5:
../SuffixNode.h: In member function ‘int32_t SuffixNode::get_depth_raw() const’:
../SuffixNode.h:310:27: warning: comparison between signed and unsigned integer expressions [-Wsign-compare]
../SuffixNode.h: In member function ‘uint32_t SuffixNode::get_parent() const’:
../SuffixNode.h:340:37: warning: statement has no effect [-Wunused-value]
../SuffixNode.h: In member function ‘int32_t SuffixNode::get_suffix_link() const’:
../SuffixNode.h:354:43: warning: statement has no effect [-Wunused-value]
../SuffixNode.h: In member function ‘int32_t SuffixNode::get_label_start() const’:
../SuffixNode.h:367:42: warning: statement has no effect [-Wunused-value]
../SuffixNode.h: In member function ‘int32_t SuffixNode::get_next_right_leaf() const’:
../SuffixNode.h:407:47: warning: statement has no effect [-Wunused-value]
In file included from test_suffixtree_processpositions.cpp:5:0:
../SuffixTree.h: In member function ‘void SuffixTree::label_all_left_most_down(std::vector<unsigned int>&, int32_t)’:
../SuffixTree.h:59:7: error: ‘suffixnode_t’ was not declared in this scope
../SuffixTree.h:59:20: error: expected ‘;’ before ‘node’
../SuffixTree.h:60:7: error: ‘node’ was not declared in this scope
../SuffixTree.h: In member function ‘bool SuffixTree::first_is_leaf(SuffixNode&)’:
../SuffixTree.h:69:5: error: ‘suffixnode_t’ was not declared in this scope
../SuffixTree.h:69:18: error: expected ‘;’ before ‘na’
../SuffixTree.h:70:12: error: ‘na’ was not declared in this scope
../SuffixTree.h: In member function ‘bool SuffixTree::last_is_leaf(SuffixNode&)’:
../SuffixTree.h:77:5: error: ‘suffixnode_t’ was not declared in this scope
../SuffixTree.h:77:18: error: expected ‘;’ before ‘na’
../SuffixTree.h:78:12: error: ‘na’ was not declared in this scope
../SuffixTree.h: In member function ‘void SuffixTree::process_positions()’:
../SuffixTree.h:90:7: error: ‘suffixnode_t’ was not declared in this scope
../SuffixTree.h:90:20: error: expected ‘;’ before ‘c_node’
../SuffixTree.h:95:10: error: ‘c_node’ was not declared in this scope
../SuffixTree.h:97:24: error: ‘c_node’ was not declared in this scope
../SuffixTree.h:104:7: error: ‘c_node’ was not declared in this scope
../SuffixTree.h:113:22: error: expected ‘;’ before ‘lr_node’
../SuffixTree.h:114:9: error: ‘lr_node’ was not declared in this scope
../SuffixTree.h: In member function ‘int SuffixTree::find_tree_position(std::vector<short unsigned int>)’:
../SuffixTree.h:169:7: error: ‘suffixnode_t’ was not declared in this scope
../SuffixTree.h:169:20: error: expected ‘;’ before ‘current_node_tmp’
../SuffixTree.h:171:24: error: ‘current_node_tmp’ was not declared in this scope
In file included from test_suffixtree_processpositions.cpp:5:0:
../SuffixTree.h: In member function ‘std::vector<long unsigned int> SuffixTree::all_occurs(std::vector<short unsigned int>, size_t)’:
../SuffixTree.h:216:5: error: ‘suffixnode_t’ was not declared in this scope
../SuffixTree.h:216:18: error: expected ‘;’ before ‘p_tmp’
../SuffixTree.h:217:14: error: ‘p_tmp’ was not declared in this scope
../SuffixTree.h:233:20: error: expected ‘;’ before ‘c_tmp’
../SuffixTree.h:237:10: error: ‘c_tmp’ was not declared in this scope
../SuffixTree.h:239:11: error: ‘c_tmp’ was not declared in this scope
../SuffixTree.h: In member function ‘int SuffixTree::exists_node(std::vector<short unsigned int>)’:
../SuffixTree.h:270:7: error: ‘suffixnode_t’ was not declared in this scope
../SuffixTree.h:270:20: error: expected ‘;’ before ‘current_node_tmp’
../SuffixTree.h:271:24: error: ‘current_node_tmp’ was not declared in this scope
../SuffixTree.h: In member function ‘int SuffixTree::extend2(int, int, int, bool&, int&, int&)’:
../SuffixTree.h:291:5: error: ‘suffixnode_t’ was not declared in this scope
../SuffixTree.h:291:18: error: expected ‘;’ before ‘insertion_point_tmp0’
../SuffixTree.h:292:23: error: ‘insertion_point_tmp0’ was not declared in this scope
../SuffixTree.h:298:20: error: expected ‘;’ before ‘insertion_point_tmp’
../SuffixTree.h:300:10: error: ‘insertion_point_tmp’ was not declared in this scope
../SuffixTree.h:316:24: error: expected ‘;’ before ‘insertion_point_tmp1’
../SuffixTree.h:317:11: error: ‘insertion_point_tmp1’ was not declared in this scope
../SuffixTree.h:327:20: error: expected ‘;’ before ‘insertion_point_tmp’
../SuffixTree.h:329:13: error: ‘insertion_point_tmp’ was not declared in this scope
../SuffixTree.h:337:17: error: expected ‘;’ before ‘parent_tmp’
../SuffixTree.h:338:17: error: ‘parent_tmp’ was not declared in this scope
../SuffixTree.h:347:19: error: expected ‘;’ before ‘parent_tmp1’
../SuffixTree.h:348:6: error: ‘parent_tmp1’ was not declared in this scope
../SuffixTree.h:370:22: error: expected ‘;’ before ‘insertion_point_tmp’
../SuffixTree.h:371:44: error: ‘insertion_point_tmp’ was not declared in this scope
../SuffixTree.h:372:22: error: expected ‘;’ before ‘old_parent_tmp’
../SuffixTree.h:376:22: error: expected ‘;’ before ‘b’
../SuffixTree.h:377:22: error: expected ‘;’ before ‘c’
../SuffixTree.h:378:9: error: ‘b’ was not declared in this scope
../SuffixTree.h:380:9: error: ‘c’ was not declared in this scope
../SuffixTree.h:386:39: error: ‘old_parent_tmp’ was not declared in this scope
../SuffixTree.h:437:20: error: expected ‘;’ before ‘insertion_point_tmp’
../SuffixTree.h:438:10: error: ‘insertion_point_tmp’ was not declared in this scope
../SuffixTree.h:466:15: error: expected ‘;’ before ‘insertion_point_tmp1’
../SuffixTree.h:467:2: error: ‘insertion_point_tmp1’ was not declared in this scope
../SuffixTree.h:478:18: error: expected ‘;’ before ‘insertion_point_tmp’
../SuffixTree.h:479:20: error: ‘insertion_point_tmp’ was not declared in this scope
../SuffixTree.h: In member function ‘void SuffixTree::insert(uint16_t, bool)’:
../SuffixTree.h:516:7: error: ‘suffixnode_t’ was not declared in this scope
../SuffixTree.h:516:20: error: expected ‘;’ before ‘last_node_tmp1’
../SuffixTree.h:523:22: error: ‘last_node_tmp1’ was not declared in this scope
../SuffixTree.h:526:20: error: expected ‘;’ before ‘predict_node_t1’
../SuffixTree.h:528:10: error: ‘predict_node_t1’ was not declared in this scope
../SuffixTree.h:533:25: error: ‘predict_node_t1’ was not declared in this scope
../SuffixTree.h:536:22: error: expected ‘;’ before ‘predict_node_c’
../SuffixTree.h:538:28: error: ‘predict_node_c’ was not declared in this scope
../SuffixTree.h:547:20: error: expected ‘;’ before ‘predict_node_t2’
../SuffixTree.h:549:10: error: ‘predict_node_t2’ was not declared in this scope
../SuffixTree.h:554:20: error: expected ‘;’ before ‘newnode_tmp’
../SuffixTree.h:558:21: error: ‘newnode_tmp’ was not declared in this scope
../SuffixTree.h:580:20: error: expected ‘;’ before ‘last_node_tmp2’
../SuffixTree.h:582:12: error: ‘last_node_tmp2’ was not declared in this scope
../SuffixTree.h:589:12: error: ‘last_node_tmp2’ was not declared in this scope
../SuffixTree.h:593:22: error: expected ‘;’ before ‘last_node_tmp_parent’
../SuffixTree.h:594:12: error: ‘last_node_tmp_parent’ was not declared in this scope
../SuffixTree.h:597:21: error: ‘last_node_tmp2’ was not declared in this scope
../SuffixTree.h: In member function ‘void SuffixTree::dump(int)’:
../SuffixTree.h:621:5: error: ‘suffixnode_t’ was not declared in this scope
../SuffixTree.h:621:18: error: expected ‘;’ before ‘n_tmp’
../SuffixTree.h:624:10: error: ‘n_tmp’ was not declared in this scope
../SuffixTree.h: In member function ‘void SuffixTree::dump_child(int)’:
../SuffixTree.h:633:5: error: ‘suffixnode_t’ was not declared in this scope
../SuffixTree.h:633:18: error: expected ‘;’ before ‘n_tmp’
../SuffixTree.h:635:26: error: ‘n_tmp’ was not declared in this scope
../SuffixTree.h: In member function ‘std::string SuffixTree::get_path_label(int)’:
../SuffixTree.h:665:7: error: ‘suffixnode_t’ was not declared in this scope
../SuffixTree.h:665:20: error: expected ‘;’ before ‘parent_tmp’
../SuffixTree.h:666:16: error: ‘parent_tmp’ was not declared in this scope
../SuffixTree.h:672:7: error: ‘suffixnode_t’ was not declared in this scope
../SuffixTree.h:672:20: error: expected ‘;’ before ‘parentsn_tmp’
../SuffixTree.h:673:19: error: ‘parentsn_tmp’ was not declared in this scope
../SuffixTree.h: In member function ‘std::string SuffixTree::get_label(int)’:
../SuffixTree.h:685:5: error: ‘suffixnode_t’ was not declared in this scope
../SuffixTree.h:685:18: error: expected ‘;’ before ‘n_tmp’
../SuffixTree.h:686:17: error: ‘n_tmp’ was not declared in this scope
../SuffixTree.h: In member function ‘bool SuffixTree::validate_suffix_link(int64_t, bool)’:
../SuffixTree.h:700:5: error: ‘suffixnode_t’ was not declared in this scope
../SuffixTree.h:700:18: error: expected ‘;’ before ‘n_tmp’
../SuffixTree.h:702:47: error: ‘n_tmp’ was not declared in this scope
../SuffixTree.h: In member function ‘bool SuffixTree::validate_parent(int64_t, bool)’:
../SuffixTree.h:727:5: error: ‘suffixnode_t’ was not declared in this scope
../SuffixTree.h:727:18: error: expected ‘;’ before ‘n_tmp’
../SuffixTree.h:728:23: error: ‘n_tmp’ was not declared in this scope
../SuffixTree.h:730:18: error: expected ‘;’ before ‘parent_tmp’
../SuffixTree.h:732:41: error: ‘parent_tmp’ was not declared in this scope
../SuffixTree.h: In member function ‘bool SuffixTree::validate_depth(int, bool)’:
../SuffixTree.h:745:5: error: ‘suffixnode_t’ was not declared in this scope
../SuffixTree.h:745:18: error: expected ‘;’ before ‘n_tmp’
../SuffixTree.h:746:19: error: ‘n_tmp’ was not declared in this scope
../SuffixTree.h:754:20: error: expected ‘;’ before ‘c_tmp’
../SuffixTree.h:755:10: error: ‘c_tmp’ was not declared in this scope
../SuffixTree.h: In member function ‘bool SuffixTree::validate_positions()’:
../SuffixTree.h:787:7: error: ‘suffixnode_t’ was not declared in this scope
../SuffixTree.h:787:20: error: expected ‘;’ before ‘n_tmp’
../SuffixTree.h:789:11: error: ‘n_tmp’ was not declared in this scope
../SuffixTree.h:793:24: error: expected ‘;’ before ‘c_tmp’
../SuffixTree.h:794:14: error: ‘c_tmp’ was not declared in this scope
../SuffixTree.h:795:23: error: ‘c_tmp’ was not declared in this scope
../SuffixTree.h:800:24: error: expected ‘;’ before ‘c_tmp’
../SuffixTree.h:801:14: error: ‘c_tmp’ was not declared in this scope
../SuffixTree.h:802:24: error: ‘c_tmp’ was not declared in this scope
../tialloc/tialloc.h: In member function ‘void* tialloc::alloc(intarch_t)’:
../tialloc/tialloc.h:201:45: warning: ignoring return value of ‘int posix_memalign(void**, size_t, size_t)’, declared with attribute warn_unused_result [-Wunused-result]
../tialloc/tialloc.h: In member function ‘void tialloc::initialise(int)’:
../tialloc/tialloc.h:267:40: warning: ignoring return value of ‘int posix_memalign(void**, size_t, size_t)’, declared with attribute warn_unused_result [-Wunused-result]
../SuffixTree.h: In member function ‘int SuffixTree::extend2(int, int, int, bool&, int&, int&)’:
../SuffixTree.h:480:3: warning: control reaches end of non-void function [-Wreturn-type]
In file included from ../SuffixTree.h:27:0,
                 from test_suffixtree_simple.cpp:5:
../SuffixNode.h: In member function ‘int32_t SuffixNode::get_depth_raw() const’:
../SuffixNode.h:310:27: warning: comparison between signed and unsigned integer expressions [-Wsign-compare]
../SuffixNode.h: In member function ‘uint32_t SuffixNode::get_parent() const’:
../SuffixNode.h:340:37: warning: statement has no effect [-Wunused-value]
../SuffixNode.h: In member function ‘int32_t SuffixNode::get_suffix_link() const’:
../SuffixNode.h:354:43: warning: statement has no effect [-Wunused-value]
../SuffixNode.h: In member function ‘int32_t SuffixNode::get_label_start() const’:
../SuffixNode.h:367:42: warning: statement has no effect [-Wunused-value]
../SuffixNode.h: In member function ‘int32_t SuffixNode::get_next_right_leaf() const’:
../SuffixNode.h:407:47: warning: statement has no effect [-Wunused-value]
In file included from test_suffixtree_simple.cpp:5:0:
../SuffixTree.h: In member function ‘void SuffixTree::label_all_left_most_down(std::vector<unsigned int>&, int32_t)’:
../SuffixTree.h:59:7: error: ‘suffixnode_t’ was not declared in this scope
../SuffixTree.h:59:20: error: expected ‘;’ before ‘node’
../SuffixTree.h:60:7: error: ‘node’ was not declared in this scope
../SuffixTree.h: In member function ‘bool SuffixTree::first_is_leaf(SuffixNode&)’:
../SuffixTree.h:69:5: error: ‘suffixnode_t’ was not declared in this scope
../SuffixTree.h:69:18: error: expected ‘;’ before ‘na’
../SuffixTree.h:70:12: error: ‘na’ was not declared in this scope
../SuffixTree.h: In member function ‘bool SuffixTree::last_is_leaf(SuffixNode&)’:
../SuffixTree.h:77:5: error: ‘suffixnode_t’ was not declared in this scope
../SuffixTree.h:77:18: error: expected ‘;’ before ‘na’
../SuffixTree.h:78:12: error: ‘na’ was not declared in this scope
../SuffixTree.h: In member function ‘void SuffixTree::process_positions()’:
../SuffixTree.h:90:7: error: ‘suffixnode_t’ was not declared in this scope
../SuffixTree.h:90:20: error: expected ‘;’ before ‘c_node’
../SuffixTree.h:95:10: error: ‘c_node’ was not declared in this scope
../SuffixTree.h:97:24: error: ‘c_node’ was not declared in this scope
../SuffixTree.h:104:7: error: ‘c_node’ was not declared in this scope
../SuffixTree.h:113:22: error: expected ‘;’ before ‘lr_node’
../SuffixTree.h:114:9: error: ‘lr_node’ was not declared in this scope
../SuffixTree.h: In member function ‘int SuffixTree::find_tree_position(std::vector<short unsigned int>)’:
../SuffixTree.h:169:7: error: ‘suffixnode_t’ was not declared in this scope
../SuffixTree.h:169:20: error: expected ‘;’ before ‘current_node_tmp’
../SuffixTree.h:171:24: error: ‘current_node_tmp’ was not declared in this scope
In file included from test_suffixtree_simple.cpp:5:0:
../SuffixTree.h: In member function ‘std::vector<long unsigned int> SuffixTree::all_occurs(std::vector<short unsigned int>, size_t)’:
../SuffixTree.h:216:5: error: ‘suffixnode_t’ was not declared in this scope
../SuffixTree.h:216:18: error: expected ‘;’ before ‘p_tmp’
../SuffixTree.h:217:14: error: ‘p_tmp’ was not declared in this scope
../SuffixTree.h:233:20: error: expected ‘;’ before ‘c_tmp’
../SuffixTree.h:237:10: error: ‘c_tmp’ was not declared in this scope
../SuffixTree.h:239:11: error: ‘c_tmp’ was not declared in this scope
../SuffixTree.h: In member function ‘int SuffixTree::exists_node(std::vector<short unsigned int>)’:
../SuffixTree.h:270:7: error: ‘suffixnode_t’ was not declared in this scope
../SuffixTree.h:270:20: error: expected ‘;’ before ‘current_node_tmp’
../SuffixTree.h:271:24: error: ‘current_node_tmp’ was not declared in this scope
../SuffixTree.h: In member function ‘int SuffixTree::extend2(int, int, int, bool&, int&, int&)’:
../SuffixTree.h:291:5: error: ‘suffixnode_t’ was not declared in this scope
../SuffixTree.h:291:18: error: expected ‘;’ before ‘insertion_point_tmp0’
../SuffixTree.h:292:23: error: ‘insertion_point_tmp0’ was not declared in this scope
../SuffixTree.h:298:20: error: expected ‘;’ before ‘insertion_point_tmp’
../SuffixTree.h:300:10: error: ‘insertion_point_tmp’ was not declared in this scope
../SuffixTree.h:316:24: error: expected ‘;’ before ‘insertion_point_tmp1’
../SuffixTree.h:317:11: error: ‘insertion_point_tmp1’ was not declared in this scope
../SuffixTree.h:327:20: error: expected ‘;’ before ‘insertion_point_tmp’
../SuffixTree.h:329:13: error: ‘insertion_point_tmp’ was not declared in this scope
../SuffixTree.h:337:17: error: expected ‘;’ before ‘parent_tmp’
../SuffixTree.h:338:17: error: ‘parent_tmp’ was not declared in this scope
../SuffixTree.h:347:19: error: expected ‘;’ before ‘parent_tmp1’
../SuffixTree.h:348:6: error: ‘parent_tmp1’ was not declared in this scope
../SuffixTree.h:370:22: error: expected ‘;’ before ‘insertion_point_tmp’
../SuffixTree.h:371:44: error: ‘insertion_point_tmp’ was not declared in this scope
../SuffixTree.h:372:22: error: expected ‘;’ before ‘old_parent_tmp’
../SuffixTree.h:376:22: error: expected ‘;’ before ‘b’
../SuffixTree.h:377:22: error: expected ‘;’ before ‘c’
../SuffixTree.h:378:9: error: ‘b’ was not declared in this scope
../SuffixTree.h:380:9: error: ‘c’ was not declared in this scope
../SuffixTree.h:386:39: error: ‘old_parent_tmp’ was not declared in this scope
../SuffixTree.h:437:20: error: expected ‘;’ before ‘insertion_point_tmp’
../SuffixTree.h:438:10: error: ‘insertion_point_tmp’ was not declared in this scope
../SuffixTree.h:466:15: error: expected ‘;’ before ‘insertion_point_tmp1’
../SuffixTree.h:467:2: error: ‘insertion_point_tmp1’ was not declared in this scope
../SuffixTree.h:478:18: error: expected ‘;’ before ‘insertion_point_tmp’
../SuffixTree.h:479:20: error: ‘insertion_point_tmp’ was not declared in this scope
../SuffixTree.h: In member function ‘void SuffixTree::insert(uint16_t, bool)’:
../SuffixTree.h:516:7: error: ‘suffixnode_t’ was not declared in this scope
../SuffixTree.h:516:20: error: expected ‘;’ before ‘last_node_tmp1’
../SuffixTree.h:523:22: error: ‘last_node_tmp1’ was not declared in this scope
../SuffixTree.h:526:20: error: expected ‘;’ before ‘predict_node_t1’
../SuffixTree.h:528:10: error: ‘predict_node_t1’ was not declared in this scope
../SuffixTree.h:533:25: error: ‘predict_node_t1’ was not declared in this scope
../SuffixTree.h:536:22: error: expected ‘;’ before ‘predict_node_c’
../SuffixTree.h:538:28: error: ‘predict_node_c’ was not declared in this scope
../SuffixTree.h:547:20: error: expected ‘;’ before ‘predict_node_t2’
../SuffixTree.h:549:10: error: ‘predict_node_t2’ was not declared in this scope
../SuffixTree.h:554:20: error: expected ‘;’ before ‘newnode_tmp’
../SuffixTree.h:558:21: error: ‘newnode_tmp’ was not declared in this scope
../SuffixTree.h:580:20: error: expected ‘;’ before ‘last_node_tmp2’
../SuffixTree.h:582:12: error: ‘last_node_tmp2’ was not declared in this scope
../SuffixTree.h:589:12: error: ‘last_node_tmp2’ was not declared in this scope
../SuffixTree.h:593:22: error: expected ‘;’ before ‘last_node_tmp_parent’
../SuffixTree.h:594:12: error: ‘last_node_tmp_parent’ was not declared in this scope
../SuffixTree.h:597:21: error: ‘last_node_tmp2’ was not declared in this scope
../SuffixTree.h: In member function ‘void SuffixTree::dump(int)’:
../SuffixTree.h:621:5: error: ‘suffixnode_t’ was not declared in this scope
../SuffixTree.h:621:18: error: expected ‘;’ before ‘n_tmp’
../SuffixTree.h:624:10: error: ‘n_tmp’ was not declared in this scope
../SuffixTree.h: In member function ‘void SuffixTree::dump_child(int)’:
../SuffixTree.h:633:5: error: ‘suffixnode_t’ was not declared in this scope
../SuffixTree.h:633:18: error: expected ‘;’ before ‘n_tmp’
../SuffixTree.h:635:26: error: ‘n_tmp’ was not declared in this scope
../SuffixTree.h: In member function ‘std::string SuffixTree::get_path_label(int)’:
../SuffixTree.h:665:7: error: ‘suffixnode_t’ was not declared in this scope
../SuffixTree.h:665:20: error: expected ‘;’ before ‘parent_tmp’
../SuffixTree.h:666:16: error: ‘parent_tmp’ was not declared in this scope
../SuffixTree.h:672:7: error: ‘suffixnode_t’ was not declared in this scope
../SuffixTree.h:672:20: error: expected ‘;’ before ‘parentsn_tmp’
../SuffixTree.h:673:19: error: ‘parentsn_tmp’ was not declared in this scope
../SuffixTree.h: In member function ‘std::string SuffixTree::get_label(int)’:
../SuffixTree.h:685:5: error: ‘suffixnode_t’ was not declared in this scope
../SuffixTree.h:685:18: error: expected ‘;’ before ‘n_tmp’
../SuffixTree.h:686:17: error: ‘n_tmp’ was not declared in this scope
../SuffixTree.h: In member function ‘bool SuffixTree::validate_suffix_link(int64_t, bool)’:
../SuffixTree.h:700:5: error: ‘suffixnode_t’ was not declared in this scope
../SuffixTree.h:700:18: error: expected ‘;’ before ‘n_tmp’
../SuffixTree.h:702:47: error: ‘n_tmp’ was not declared in this scope
../SuffixTree.h: In member function ‘bool SuffixTree::validate_parent(int64_t, bool)’:
../SuffixTree.h:727:5: error: ‘suffixnode_t’ was not declared in this scope
../SuffixTree.h:727:18: error: expected ‘;’ before ‘n_tmp’
../SuffixTree.h:728:23: error: ‘n_tmp’ was not declared in this scope
../SuffixTree.h:730:18: error: expected ‘;’ before ‘parent_tmp’
../SuffixTree.h:732:41: error: ‘parent_tmp’ was not declared in this scope
../SuffixTree.h: In member function ‘bool SuffixTree::validate_depth(int, bool)’:
../SuffixTree.h:745:5: error: ‘suffixnode_t’ was not declared in this scope
../SuffixTree.h:745:18: error: expected ‘;’ before ‘n_tmp’
../SuffixTree.h:746:19: error: ‘n_tmp’ was not declared in this scope
../SuffixTree.h:754:20: error: expected ‘;’ before ‘c_tmp’
../SuffixTree.h:755:10: error: ‘c_tmp’ was not declared in this scope
../SuffixTree.h: In member function ‘bool SuffixTree::validate_positions()’:
../SuffixTree.h:787:7: error: ‘suffixnode_t’ was not declared in this scope
../SuffixTree.h:787:20: error: expected ‘;’ before ‘n_tmp’
../SuffixTree.h:789:11: error: ‘n_tmp’ was not declared in this scope
../SuffixTree.h:793:24: error: expected ‘;’ before ‘c_tmp’
../SuffixTree.h:794:14: error: ‘c_tmp’ was not declared in this scope
../SuffixTree.h:795:23: error: ‘c_tmp’ was not declared in this scope
../SuffixTree.h:800:24: error: expected ‘;’ before ‘c_tmp’
../SuffixTree.h:801:14: error: ‘c_tmp’ was not declared in this scope
../SuffixTree.h:802:24: error: ‘c_tmp’ was not declared in this scope
../tialloc/tialloc.h: In member function ‘void* tialloc::alloc(intarch_t)’:
../tialloc/tialloc.h:201:45: warning: ignoring return value of ‘int posix_memalign(void**, size_t, size_t)’, declared with attribute warn_unused_result [-Wunused-result]
../tialloc/tialloc.h: In member function ‘void tialloc::initialise(int)’:
../tialloc/tialloc.h:267:40: warning: ignoring return value of ‘int posix_memalign(void**, size_t, size_t)’, declared with attribute warn_unused_result [-Wunused-result]
../SuffixTree.h: In member function ‘int SuffixTree::extend2(int, int, int, bool&, int&, int&)’:
../SuffixTree.h:480:3: warning: control reaches end of non-void function [-Wreturn-type]
In file included from ../SuffixTree.h:27:0,
                 from test_suffixtree_random.cpp:5:
../SuffixNode.h: In member function ‘int32_t SuffixNode::get_depth_raw() const’:
../SuffixNode.h:310:27: warning: comparison between signed and unsigned integer expressions [-Wsign-compare]
../SuffixNode.h: In member function ‘uint32_t SuffixNode::get_parent() const’:
../SuffixNode.h:340:37: warning: statement has no effect [-Wunused-value]
../SuffixNode.h: In member function ‘int32_t SuffixNode::get_suffix_link() const’:
../SuffixNode.h:354:43: warning: statement has no effect [-Wunused-value]
../SuffixNode.h: In member function ‘int32_t SuffixNode::get_label_start() const’:
../SuffixNode.h:367:42: warning: statement has no effect [-Wunused-value]
../SuffixNode.h: In member function ‘int32_t SuffixNode::get_next_right_leaf() const’:
../SuffixNode.h:407:47: warning: statement has no effect [-Wunused-value]
In file included from test_suffixtree_random.cpp:5:0:
../SuffixTree.h: In member function ‘void SuffixTree::label_all_left_most_down(std::vector<unsigned int>&, int32_t)’:
../SuffixTree.h:59:7: error: ‘suffixnode_t’ was not declared in this scope
../SuffixTree.h:59:20: error: expected ‘;’ before ‘node’
../SuffixTree.h:60:7: error: ‘node’ was not declared in this scope
../SuffixTree.h: In member function ‘bool SuffixTree::first_is_leaf(SuffixNode&)’:
../SuffixTree.h:69:5: error: ‘suffixnode_t’ was not declared in this scope
../SuffixTree.h:69:18: error: expected ‘;’ before ‘na’
../SuffixTree.h:70:12: error: ‘na’ was not declared in this scope
../SuffixTree.h: In member function ‘bool SuffixTree::last_is_leaf(SuffixNode&)’:
../SuffixTree.h:77:5: error: ‘suffixnode_t’ was not declared in this scope
../SuffixTree.h:77:18: error: expected ‘;’ before ‘na’
../SuffixTree.h:78:12: error: ‘na’ was not declared in this scope
../SuffixTree.h: In member function ‘void SuffixTree::process_positions()’:
../SuffixTree.h:90:7: error: ‘suffixnode_t’ was not declared in this scope
../SuffixTree.h:90:20: error: expected ‘;’ before ‘c_node’
../SuffixTree.h:95:10: error: ‘c_node’ was not declared in this scope
../SuffixTree.h:97:24: error: ‘c_node’ was not declared in this scope
../SuffixTree.h:104:7: error: ‘c_node’ was not declared in this scope
../SuffixTree.h:113:22: error: expected ‘;’ before ‘lr_node’
../SuffixTree.h:114:9: error: ‘lr_node’ was not declared in this scope
../SuffixTree.h: In member function ‘int SuffixTree::find_tree_position(std::vector<short unsigned int>)’:
../SuffixTree.h:169:7: error: ‘suffixnode_t’ was not declared in this scope
../SuffixTree.h:169:20: error: expected ‘;’ before ‘current_node_tmp’
../SuffixTree.h:171:24: error: ‘current_node_tmp’ was not declared in this scope
In file included from test_suffixtree_random.cpp:5:0:
../SuffixTree.h: In member function ‘std::vector<long unsigned int> SuffixTree::all_occurs(std::vector<short unsigned int>, size_t)’:
../SuffixTree.h:216:5: error: ‘suffixnode_t’ was not declared in this scope
../SuffixTree.h:216:18: error: expected ‘;’ before ‘p_tmp’
../SuffixTree.h:217:14: error: ‘p_tmp’ was not declared in this scope
../SuffixTree.h:233:20: error: expected ‘;’ before ‘c_tmp’
../SuffixTree.h:237:10: error: ‘c_tmp’ was not declared in this scope
../SuffixTree.h:239:11: error: ‘c_tmp’ was not declared in this scope
../SuffixTree.h: In member function ‘int SuffixTree::exists_node(std::vector<short unsigned int>)’:
../SuffixTree.h:270:7: error: ‘suffixnode_t’ was not declared in this scope
../SuffixTree.h:270:20: error: expected ‘;’ before ‘current_node_tmp’
../SuffixTree.h:271:24: error: ‘current_node_tmp’ was not declared in this scope
../SuffixTree.h: In member function ‘int SuffixTree::extend2(int, int, int, bool&, int&, int&)’:
../SuffixTree.h:291:5: error: ‘suffixnode_t’ was not declared in this scope
../SuffixTree.h:291:18: error: expected ‘;’ before ‘insertion_point_tmp0’
../SuffixTree.h:292:23: error: ‘insertion_point_tmp0’ was not declared in this scope
../SuffixTree.h:298:20: error: expected ‘;’ before ‘insertion_point_tmp’
../SuffixTree.h:300:10: error: ‘insertion_point_tmp’ was not declared in this scope
../SuffixTree.h:316:24: error: expected ‘;’ before ‘insertion_point_tmp1’
../SuffixTree.h:317:11: error: ‘insertion_point_tmp1’ was not declared in this scope
../SuffixTree.h:327:20: error: expected ‘;’ before ‘insertion_point_tmp’
../SuffixTree.h:329:13: error: ‘insertion_point_tmp’ was not declared in this scope
../SuffixTree.h:337:17: error: expected ‘;’ before ‘parent_tmp’
../SuffixTree.h:338:17: error: ‘parent_tmp’ was not declared in this scope
../SuffixTree.h:347:19: error: expected ‘;’ before ‘parent_tmp1’
../SuffixTree.h:348:6: error: ‘parent_tmp1’ was not declared in this scope
../SuffixTree.h:370:22: error: expected ‘;’ before ‘insertion_point_tmp’
../SuffixTree.h:371:44: error: ‘insertion_point_tmp’ was not declared in this scope
../SuffixTree.h:372:22: error: expected ‘;’ before ‘old_parent_tmp’
../SuffixTree.h:376:22: error: expected ‘;’ before ‘b’
../SuffixTree.h:377:22: error: expected ‘;’ before ‘c’
../SuffixTree.h:378:9: error: ‘b’ was not declared in this scope
../SuffixTree.h:380:9: error: ‘c’ was not declared in this scope
../SuffixTree.h:386:39: error: ‘old_parent_tmp’ was not declared in this scope
../SuffixTree.h:437:20: error: expected ‘;’ before ‘insertion_point_tmp’
../SuffixTree.h:438:10: error: ‘insertion_point_tmp’ was not declared in this scope
../SuffixTree.h:466:15: error: expected ‘;’ before ‘insertion_point_tmp1’
../SuffixTree.h:467:2: error: ‘insertion_point_tmp1’ was not declared in this scope
../SuffixTree.h:478:18: error: expected ‘;’ before ‘insertion_point_tmp’
../SuffixTree.h:479:20: error: ‘insertion_point_tmp’ was not declared in this scope
../SuffixTree.h: In member function ‘void SuffixTree::insert(uint16_t, bool)’:
../SuffixTree.h:516:7: error: ‘suffixnode_t’ was not declared in this scope
../SuffixTree.h:516:20: error: expected ‘;’ before ‘last_node_tmp1’
../SuffixTree.h:523:22: error: ‘last_node_tmp1’ was not declared in this scope
../SuffixTree.h:526:20: error: expected ‘;’ before ‘predict_node_t1’
../SuffixTree.h:528:10: error: ‘predict_node_t1’ was not declared in this scope
../SuffixTree.h:533:25: error: ‘predict_node_t1’ was not declared in this scope
../SuffixTree.h:536:22: error: expected ‘;’ before ‘predict_node_c’
../SuffixTree.h:538:28: error: ‘predict_node_c’ was not declared in this scope
../SuffixTree.h:547:20: error: expected ‘;’ before ‘predict_node_t2’
../SuffixTree.h:549:10: error: ‘predict_node_t2’ was not declared in this scope
../SuffixTree.h:554:20: error: expected ‘;’ before ‘newnode_tmp’
../SuffixTree.h:558:21: error: ‘newnode_tmp’ was not declared in this scope
../SuffixTree.h:580:20: error: expected ‘;’ before ‘last_node_tmp2’
../SuffixTree.h:582:12: error: ‘last_node_tmp2’ was not declared in this scope
../SuffixTree.h:589:12: error: ‘last_node_tmp2’ was not declared in this scope
../SuffixTree.h:593:22: error: expected ‘;’ before ‘last_node_tmp_parent’
../SuffixTree.h:594:12: error: ‘last_node_tmp_parent’ was not declared in this scope
../SuffixTree.h:597:21: error: ‘last_node_tmp2’ was not declared in this scope
../SuffixTree.h: In member function ‘void SuffixTree::dump(int)’:
../SuffixTree.h:621:5: error: ‘suffixnode_t’ was not declared in this scope
../SuffixTree.h:621:18: error: expected ‘;’ before ‘n_tmp’
../SuffixTree.h:624:10: error: ‘n_tmp’ was not declared in this scope
../SuffixTree.h: In member function ‘void SuffixTree::dump_child(int)’:
../SuffixTree.h:633:5: error: ‘suffixnode_t’ was not declared in this scope
../SuffixTree.h:633:18: error: expected ‘;’ before ‘n_tmp’
../SuffixTree.h:635:26: error: ‘n_tmp’ was not declared in this scope
../SuffixTree.h: In member function ‘std::string SuffixTree::get_path_label(int)’:
../SuffixTree.h:665:7: error: ‘suffixnode_t’ was not declared in this scope
../SuffixTree.h:665:20: error: expected ‘;’ before ‘parent_tmp’
../SuffixTree.h:666:16: error: ‘parent_tmp’ was not declared in this scope
../SuffixTree.h:672:7: error: ‘suffixnode_t’ was not declared in this scope
../SuffixTree.h:672:20: error: expected ‘;’ before ‘parentsn_tmp’
../SuffixTree.h:673:19: error: ‘parentsn_tmp’ was not declared in this scope
../SuffixTree.h: In member function ‘std::string SuffixTree::get_label(int)’:
../SuffixTree.h:685:5: error: ‘suffixnode_t’ was not declared in this scope
../SuffixTree.h:685:18: error: expected ‘;’ before ‘n_tmp’
../SuffixTree.h:686:17: error: ‘n_tmp’ was not declared in this scope
../SuffixTree.h: In member function ‘bool SuffixTree::validate_suffix_link(int64_t, bool)’:
../SuffixTree.h:700:5: error: ‘suffixnode_t’ was not declared in this scope
../SuffixTree.h:700:18: error: expected ‘;’ before ‘n_tmp’
../SuffixTree.h:702:47: error: ‘n_tmp’ was not declared in this scope
../SuffixTree.h: In member function ‘bool SuffixTree::validate_parent(int64_t, bool)’:
../SuffixTree.h:727:5: error: ‘suffixnode_t’ was not declared in this scope
../SuffixTree.h:727:18: error: expected ‘;’ before ‘n_tmp’
../SuffixTree.h:728:23: error: ‘n_tmp’ was not declared in this scope
../SuffixTree.h:730:18: error: expected ‘;’ before ‘parent_tmp’
../SuffixTree.h:732:41: error: ‘parent_tmp’ was not declared in this scope
../SuffixTree.h: In member function ‘bool SuffixTree::validate_depth(int, bool)’:
../SuffixTree.h:745:5: error: ‘suffixnode_t’ was not declared in this scope
../SuffixTree.h:745:18: error: expected ‘;’ before ‘n_tmp’
../SuffixTree.h:746:19: error: ‘n_tmp’ was not declared in this scope
../SuffixTree.h:754:20: error: expected ‘;’ before ‘c_tmp’
../SuffixTree.h:755:10: error: ‘c_tmp’ was not declared in this scope
../SuffixTree.h: In member function ‘bool SuffixTree::validate_positions()’:
../SuffixTree.h:787:7: error: ‘suffixnode_t’ was not declared in this scope
../SuffixTree.h:787:20: error: expected ‘;’ before ‘n_tmp’
../SuffixTree.h:789:11: error: ‘n_tmp’ was not declared in this scope
../SuffixTree.h:793:24: error: expected ‘;’ before ‘c_tmp’
../SuffixTree.h:794:14: error: ‘c_tmp’ was not declared in this scope
../SuffixTree.h:795:23: error: ‘c_tmp’ was not declared in this scope
../SuffixTree.h:800:24: error: expected ‘;’ before ‘c_tmp’
../SuffixTree.h:801:14: error: ‘c_tmp’ was not declared in this scope
../SuffixTree.h:802:24: error: ‘c_tmp’ was not declared in this scope
../tialloc/tialloc.h: In member function ‘void* tialloc::alloc(intarch_t)’:
../tialloc/tialloc.h:201:45: warning: ignoring return value of ‘int posix_memalign(void**, size_t, size_t)’, declared with attribute warn_unused_result [-Wunused-result]
../tialloc/tialloc.h: In member function ‘void tialloc::initialise(int)’:
../tialloc/tialloc.h:267:40: warning: ignoring return value of ‘int posix_memalign(void**, size_t, size_t)’, declared with attribute warn_unused_result [-Wunused-result]
../SuffixTree.h: In member function ‘int SuffixTree::extend2(int, int, int, bool&, int&, int&)’:
../SuffixTree.h:480:3: warning: control reaches end of non-void function [-Wreturn-type]
In file included from ../SuffixTree.h:27:0,
                 from test_suffixtree_time.cpp:5:
../SuffixNode.h: In member function ‘int32_t SuffixNode::get_depth_raw() const’:
../SuffixNode.h:310:27: warning: comparison between signed and unsigned integer expressions [-Wsign-compare]
../SuffixNode.h: In member function ‘uint32_t SuffixNode::get_parent() const’:
../SuffixNode.h:340:37: warning: statement has no effect [-Wunused-value]
../SuffixNode.h: In member function ‘int32_t SuffixNode::get_suffix_link() const’:
../SuffixNode.h:354:43: warning: statement has no effect [-Wunused-value]
../SuffixNode.h: In member function ‘int32_t SuffixNode::get_label_start() const’:
../SuffixNode.h:367:42: warning: statement has no effect [-Wunused-value]
../SuffixNode.h: In member function ‘int32_t SuffixNode::get_next_right_leaf() const’:
../SuffixNode.h:407:47: warning: statement has no effect [-Wunused-value]
In file included from test_suffixtree_time.cpp:5:0:
../SuffixTree.h: In member function ‘void SuffixTree::label_all_left_most_down(std::vector<unsigned int>&, int32_t)’:
../SuffixTree.h:59:7: error: ‘suffixnode_t’ was not declared in this scope
../SuffixTree.h:59:20: error: expected ‘;’ before ‘node’
../SuffixTree.h:60:7: error: ‘node’ was not declared in this scope
../SuffixTree.h: In member function ‘bool SuffixTree::first_is_leaf(SuffixNode&)’:
../SuffixTree.h:69:5: error: ‘suffixnode_t’ was not declared in this scope
../SuffixTree.h:69:18: error: expected ‘;’ before ‘na’
../SuffixTree.h:70:12: error: ‘na’ was not declared in this scope
../SuffixTree.h: In member function ‘bool SuffixTree::last_is_leaf(SuffixNode&)’:
../SuffixTree.h:77:5: error: ‘suffixnode_t’ was not declared in this scope
../SuffixTree.h:77:18: error: expected ‘;’ before ‘na’
../SuffixTree.h:78:12: error: ‘na’ was not declared in this scope
../SuffixTree.h: In member function ‘void SuffixTree::process_positions()’:
../SuffixTree.h:90:7: error: ‘suffixnode_t’ was not declared in this scope
../SuffixTree.h:90:20: error: expected ‘;’ before ‘c_node’
../SuffixTree.h:95:10: error: ‘c_node’ was not declared in this scope
../SuffixTree.h:97:24: error: ‘c_node’ was not declared in this scope
../SuffixTree.h:104:7: error: ‘c_node’ was not declared in this scope
../SuffixTree.h:113:22: error: expected ‘;’ before ‘lr_node’
../SuffixTree.h:114:9: error: ‘lr_node’ was not declared in this scope
../SuffixTree.h: In member function ‘int SuffixTree::find_tree_position(std::vector<short unsigned int>)’:
../SuffixTree.h:169:7: error: ‘suffixnode_t’ was not declared in this scope
../SuffixTree.h:169:20: error: expected ‘;’ before ‘current_node_tmp’
../SuffixTree.h:171:24: error: ‘current_node_tmp’ was not declared in this scope
In file included from test_suffixtree_time.cpp:5:0:
../SuffixTree.h: In member function ‘std::vector<long unsigned int> SuffixTree::all_occurs(std::vector<short unsigned int>, size_t)’:
../SuffixTree.h:216:5: error: ‘suffixnode_t’ was not declared in this scope
../SuffixTree.h:216:18: error: expected ‘;’ before ‘p_tmp’
../SuffixTree.h:217:14: error: ‘p_tmp’ was not declared in this scope
../SuffixTree.h:233:20: error: expected ‘;’ before ‘c_tmp’
../SuffixTree.h:237:10: error: ‘c_tmp’ was not declared in this scope
../SuffixTree.h:239:11: error: ‘c_tmp’ was not declared in this scope
../SuffixTree.h: In member function ‘int SuffixTree::exists_node(std::vector<short unsigned int>)’:
../SuffixTree.h:270:7: error: ‘suffixnode_t’ was not declared in this scope
../SuffixTree.h:270:20: error: expected ‘;’ before ‘current_node_tmp’
../SuffixTree.h:271:24: error: ‘current_node_tmp’ was not declared in this scope
../SuffixTree.h: In member function ‘int SuffixTree::extend2(int, int, int, bool&, int&, int&)’:
../SuffixTree.h:291:5: error: ‘suffixnode_t’ was not declared in this scope
../SuffixTree.h:291:18: error: expected ‘;’ before ‘insertion_point_tmp0’
../SuffixTree.h:292:23: error: ‘insertion_point_tmp0’ was not declared in this scope
../SuffixTree.h:298:20: error: expected ‘;’ before ‘insertion_point_tmp’
../SuffixTree.h:300:10: error: ‘insertion_point_tmp’ was not declared in this scope
../SuffixTree.h:316:24: error: expected ‘;’ before ‘insertion_point_tmp1’
../SuffixTree.h:317:11: error: ‘insertion_point_tmp1’ was not declared in this scope
../SuffixTree.h:327:20: error: expected ‘;’ before ‘insertion_point_tmp’
../SuffixTree.h:329:13: error: ‘insertion_point_tmp’ was not declared in this scope
../SuffixTree.h:337:17: error: expected ‘;’ before ‘parent_tmp’
../SuffixTree.h:338:17: error: ‘parent_tmp’ was not declared in this scope
../SuffixTree.h:347:19: error: expected ‘;’ before ‘parent_tmp1’
../SuffixTree.h:348:6: error: ‘parent_tmp1’ was not declared in this scope
../SuffixTree.h:370:22: error: expected ‘;’ before ‘insertion_point_tmp’
../SuffixTree.h:371:44: error: ‘insertion_point_tmp’ was not declared in this scope
../SuffixTree.h:372:22: error: expected ‘;’ before ‘old_parent_tmp’
../SuffixTree.h:376:22: error: expected ‘;’ before ‘b’
../SuffixTree.h:377:22: error: expected ‘;’ before ‘c’
../SuffixTree.h:378:9: error: ‘b’ was not declared in this scope
../SuffixTree.h:380:9: error: ‘c’ was not declared in this scope
../SuffixTree.h:386:39: error: ‘old_parent_tmp’ was not declared in this scope
../SuffixTree.h:437:20: error: expected ‘;’ before ‘insertion_point_tmp’
../SuffixTree.h:438:10: error: ‘insertion_point_tmp’ was not declared in this scope
../SuffixTree.h:466:15: error: expected ‘;’ before ‘insertion_point_tmp1’
../SuffixTree.h:467:2: error: ‘insertion_point_tmp1’ was not declared in this scope
../SuffixTree.h:478:18: error: expected ‘;’ before ‘insertion_point_tmp’
../SuffixTree.h:479:20: error: ‘insertion_point_tmp’ was not declared in this scope
../SuffixTree.h: In member function ‘void SuffixTree::insert(uint16_t, bool)’:
../SuffixTree.h:516:7: error: ‘suffixnode_t’ was not declared in this scope
../SuffixTree.h:516:20: error: expected ‘;’ before ‘last_node_tmp1’
../SuffixTree.h:523:22: error: ‘last_node_tmp1’ was not declared in this scope
../SuffixTree.h:526:20: error: expected ‘;’ before ‘predict_node_t1’
../SuffixTree.h:528:10: error: ‘predict_node_t1’ was not declared in this scope
../SuffixTree.h:533:25: error: ‘predict_node_t1’ was not declared in this scope
../SuffixTree.h:536:22: error: expected ‘;’ before ‘predict_node_c’
../SuffixTree.h:538:28: error: ‘predict_node_c’ was not declared in this scope
../SuffixTree.h:547:20: error: expected ‘;’ before ‘predict_node_t2’
../SuffixTree.h:549:10: error: ‘predict_node_t2’ was not declared in this scope
../SuffixTree.h:554:20: error: expected ‘;’ before ‘newnode_tmp’
../SuffixTree.h:558:21: error: ‘newnode_tmp’ was not declared in this scope
../SuffixTree.h:580:20: error: expected ‘;’ before ‘last_node_tmp2’
../SuffixTree.h:582:12: error: ‘last_node_tmp2’ was not declared in this scope
../SuffixTree.h:589:12: error: ‘last_node_tmp2’ was not declared in this scope
../SuffixTree.h:593:22: error: expected ‘;’ before ‘last_node_tmp_parent’
../SuffixTree.h:594:12: error: ‘last_node_tmp_parent’ was not declared in this scope
../SuffixTree.h:597:21: error: ‘last_node_tmp2’ was not declared in this scope
../SuffixTree.h: In member function ‘void SuffixTree::dump(int)’:
../SuffixTree.h:621:5: error: ‘suffixnode_t’ was not declared in this scope
../SuffixTree.h:621:18: error: expected ‘;’ before ‘n_tmp’
../SuffixTree.h:624:10: error: ‘n_tmp’ was not declared in this scope
../SuffixTree.h: In member function ‘void SuffixTree::dump_child(int)’:
../SuffixTree.h:633:5: error: ‘suffixnode_t’ was not declared in this scope
../SuffixTree.h:633:18: error: expected ‘;’ before ‘n_tmp’
../SuffixTree.h:635:26: error: ‘n_tmp’ was not declared in this scope
../SuffixTree.h: In member function ‘std::string SuffixTree::get_path_label(int)’:
../SuffixTree.h:665:7: error: ‘suffixnode_t’ was not declared in this scope
../SuffixTree.h:665:20: error: expected ‘;’ before ‘parent_tmp’
../SuffixTree.h:666:16: error: ‘parent_tmp’ was not declared in this scope
../SuffixTree.h:672:7: error: ‘suffixnode_t’ was not declared in this scope
../SuffixTree.h:672:20: error: expected ‘;’ before ‘parentsn_tmp’
../SuffixTree.h:673:19: error: ‘parentsn_tmp’ was not declared in this scope
../SuffixTree.h: In member function ‘std::string SuffixTree::get_label(int)’:
../SuffixTree.h:685:5: error: ‘suffixnode_t’ was not declared in this scope
../SuffixTree.h:685:18: error: expected ‘;’ before ‘n_tmp’
../SuffixTree.h:686:17: error: ‘n_tmp’ was not declared in this scope
../SuffixTree.h: In member function ‘bool SuffixTree::validate_suffix_link(int64_t, bool)’:
../SuffixTree.h:700:5: error: ‘suffixnode_t’ was not declared in this scope
../SuffixTree.h:700:18: error: expected ‘;’ before ‘n_tmp’
../SuffixTree.h:702:47: error: ‘n_tmp’ was not declared in this scope
../SuffixTree.h: In member function ‘bool SuffixTree::validate_parent(int64_t, bool)’:
../SuffixTree.h:727:5: error: ‘suffixnode_t’ was not declared in this scope
../SuffixTree.h:727:18: error: expected ‘;’ before ‘n_tmp’
../SuffixTree.h:728:23: error: ‘n_tmp’ was not declared in this scope
../SuffixTree.h:730:18: error: expected ‘;’ before ‘parent_tmp’
../SuffixTree.h:732:41: error: ‘parent_tmp’ was not declared in this scope
../SuffixTree.h: In member function ‘bool SuffixTree::validate_depth(int, bool)’:
../SuffixTree.h:745:5: error: ‘suffixnode_t’ was not declared in this scope
../SuffixTree.h:745:18: error: expected ‘;’ before ‘n_tmp’
../SuffixTree.h:746:19: error: ‘n_tmp’ was not declared in this scope
../SuffixTree.h:754:20: error: expected ‘;’ before ‘c_tmp’
../SuffixTree.h:755:10: error: ‘c_tmp’ was not declared in this scope
../SuffixTree.h: In member function ‘bool SuffixTree::validate_positions()’:
../SuffixTree.h:787:7: error: ‘suffixnode_t’ was not declared in this scope
../SuffixTree.h:787:20: error: expected ‘;’ before ‘n_tmp’
../SuffixTree.h:789:11: error: ‘n_tmp’ was not declared in this scope
../SuffixTree.h:793:24: error: expected ‘;’ before ‘c_tmp’
../SuffixTree.h:794:14: error: ‘c_tmp’ was not declared in this scope
../SuffixTree.h:795:23: error: ‘c_tmp’ was not declared in this scope
../SuffixTree.h:800:24: error: expected ‘;’ before ‘c_tmp’
../SuffixTree.h:801:14: error: ‘c_tmp’ was not declared in this scope
../SuffixTree.h:802:24: error: ‘c_tmp’ was not declared in this scope
../tialloc/tialloc.h: In member function ‘void* tialloc::alloc(intarch_t)’:
../tialloc/tialloc.h:201:45: warning: ignoring return value of ‘int posix_memalign(void**, size_t, size_t)’, declared with attribute warn_unused_result [-Wunused-result]
../tialloc/tialloc.h: In member function ‘void tialloc::initialise(int)’:
../tialloc/tialloc.h:267:40: warning: ignoring return value of ‘int posix_memalign(void**, size_t, size_t)’, declared with attribute warn_unused_result [-Wunused-result]
../SuffixTree.h: In member function ‘int SuffixTree::extend2(int, int, int, bool&, int&, int&)’:
../SuffixTree.h:480:3: warning: control reaches end of non-void function [-Wreturn-type]
In file included from test_suffixnode.cpp:7:0:
../SuffixNode.h: In member function ‘int32_t SuffixNode::get_depth_raw() const’:
../SuffixNode.h:310:27: warning: comparison between signed and unsigned integer expressions [-Wsign-compare]
../SuffixNode.h: In member function ‘uint32_t SuffixNode::get_parent() const’:
../SuffixNode.h:340:37: warning: statement has no effect [-Wunused-value]
../SuffixNode.h: In member function ‘int32_t SuffixNode::get_suffix_link() const’:
../SuffixNode.h:354:43: warning: statement has no effect [-Wunused-value]
../SuffixNode.h: In member function ‘int32_t SuffixNode::get_label_start() const’:
../SuffixNode.h:367:42: warning: statement has no effect [-Wunused-value]
../SuffixNode.h: In member function ‘int32_t SuffixNode::get_next_right_leaf() const’:
../SuffixNode.h:407:47: warning: statement has no effect [-Wunused-value]
../tialloc/tialloc.h: In member function ‘void* tialloc::alloc(intarch_t)’:
../tialloc/tialloc.h:201:45: warning: ignoring return value of ‘int posix_memalign(void**, size_t, size_t)’, declared with attribute warn_unused_result [-Wunused-result]
../tialloc/tialloc.h: In member function ‘void tialloc::initialise(int)’:
../tialloc/tialloc.h:267:40: warning: ignoring return value of ‘int posix_memalign(void**, size_t, size_t)’, declared with attribute warn_unused_result [-Wunused-result]
In file included from ../SuffixNode.cpp:17:0:
../SuffixNode.h: In member function ‘int32_t SuffixNode::get_depth_raw() const’:
../SuffixNode.h:310:27: warning: comparison between signed and unsigned integer expressions [-Wsign-compare]
../SuffixNode.h: In member function ‘uint32_t SuffixNode::get_parent() const’:
../SuffixNode.h:340:37: warning: statement has no effect [-Wunused-value]
../SuffixNode.h: In member function ‘int32_t SuffixNode::get_suffix_link() const’:
../SuffixNode.h:354:43: warning: statement has no effect [-Wunused-value]
../SuffixNode.h: In member function ‘int32_t SuffixNode::get_label_start() const’:
../SuffixNode.h:367:42: warning: statement has no effect [-Wunused-value]
../SuffixNode.h: In member function ‘int32_t SuffixNode::get_next_right_leaf() const’:
../SuffixNode.h:407:47: warning: statement has no effect [-Wunused-value]
In file included from ../SuffixNodeStoreMemVec.cpp:22:0:
../SuffixNode.h: In member function ‘int32_t SuffixNode::get_depth_raw() const’:
../SuffixNode.h:310:27: warning: comparison between signed and unsigned integer expressions [-Wsign-compare]
../SuffixNode.h: In member function ‘uint32_t SuffixNode::get_parent() const’:
../SuffixNode.h:340:37: warning: statement has no effect [-Wunused-value]
../SuffixNode.h: In member function ‘int32_t SuffixNode::get_suffix_link() const’:
../SuffixNode.h:354:43: warning: statement has no effect [-Wunused-value]
../SuffixNode.h: In member function ‘int32_t SuffixNode::get_label_start() const’:
../SuffixNode.h:367:42: warning: statement has no effect [-Wunused-value]
../SuffixNode.h: In member function ‘int32_t SuffixNode::get_next_right_leaf() const’:
../SuffixNode.h:407:47: warning: statement has no effect [-Wunused-value]
../tialloc/tialloc.h: In member function ‘void* tialloc::alloc(intarch_t)’:
../tialloc/tialloc.h:201:45: warning: ignoring return value of ‘int posix_memalign(void**, size_t, size_t)’, declared with attribute warn_unused_result [-Wunused-result]
../tialloc/tialloc.h: In member function ‘void tialloc::initialise(int)’:
../tialloc/tialloc.h:267:40: warning: ignoring return value of ‘int posix_memalign(void**, size_t, size_t)’, declared with attribute warn_unused_result [-Wunused-result]
make: *** [test] Interrupt
